[debug] [2022-11-27T12:59:52.695Z] ----------------------------------------------------------------------
[debug] [2022-11-27T12:59:52.697Z] Command:       C:\Program Files\nodejs\node.exe C:\Program Files\nodejs\node_modules\firebase-tools\lib\bin\firebase.js init
[debug] [2022-11-27T12:59:52.697Z] CLI Version:   11.16.1
[debug] [2022-11-27T12:59:52.697Z] Platform:      win32
[debug] [2022-11-27T12:59:52.698Z] Node Version:  v17.7.1
[debug] [2022-11-27T12:59:52.698Z] Time:          Sun Nov 27 2022 20:59:52 GMT+0800 (Malaysia Time)
[debug] [2022-11-27T12:59:52.698Z] ----------------------------------------------------------------------
[debug] 
[debug] [2022-11-27T12:59:52.707Z] >>> [apiv2][query] GET https://firebase-public.firebaseio.com/cli.json [none]
[debug] [2022-11-27T12:59:52.812Z] > command requires scopes: ["email","openid","https://www.googleapis.com/auth/cloudplatformprojects.readonly","https://www.googleapis.com/auth/firebase","https://www.googleapis.com/auth/cloud-platform"]
[debug] [2022-11-27T12:59:52.812Z] > authorizing via signed-in user (chaibicai@gmail.com)
[info] 
     ######## #### ########  ######## ########     ###     ######  ########
     ##        ##  ##     ## ##       ##     ##  ##   ##  ##       ##
     ######    ##  ########  ######   ########  #########  ######  ######
     ##        ##  ##    ##  ##       ##     ## ##     ##       ## ##
     ##       #### ##     ## ######## ########  ##     ##  ######  ########

You're about to initialize a Firebase project in this directory:

  C:\Users\chaib\Desktop\Programming Projects\transite

Before we get started, keep in mind:

  * You are initializing within an existing Firebase project directory

[debug] [2022-11-27T12:59:53.291Z] <<< [apiv2][status] GET https://firebase-public.firebaseio.com/cli.json 200
[debug] [2022-11-27T12:59:53.291Z] <<< [apiv2][body] GET https://firebase-public.firebaseio.com/cli.json {"cloudBuildErrorAfter":1594252800000,"cloudBuildWarnAfter":1590019200000,"defaultNode10After":1594252800000,"minVersion":"3.0.5","node8DeploysDisabledAfter":1613390400000,"node8RuntimeDisabledAfter":1615809600000,"node8WarnAfter":1600128000000}
